TEST CASE FAILURE,In ../Testfiles/SemanticAnalyzerTests/MemoryFreeTests/FunctionTests/StatementTests/VariableDefinitions/Test4/main.ap:
 expected: "something", got "aa"

TEST CASE FAILURE,In ../Testfiles/SemanticAnalyzerTests/MemoryFreeTests/FunctionTests/StatementTests/VariableDefinitions/Test4/main.ap:
 expected: "6", got "7"

TEST CASE FAILURE,In ../Testfiles/SemanticAnalyzerTests/MemoryFreeTests/FunctionTests/StatementTests/VariableDefinitions/Test4/main.ap:
 expected: "11", got "12"

TEST CASE FAILURE,In ../Testfiles/SemanticAnalyzerTests/MemoryFreeTests/FunctionTests/StatementTests/VariableDefinitions/Test4/main.ap:
 expected: "11", got "b"

TEST CASE FAILURE,In ../Testfiles/SemanticAnalyzerTests/MemoryFreeTests/FunctionTests/StatementTests/VariableDefinitions/Test4/main.ap:
 expected: "7", got "9"

TEST CASE FAILURE,In ../Testfiles/SemanticAnalyzerTests/MemoryFreeTests/FunctionTests/StatementTests/VariableDefinitions/Test4/main.ap:
 expected: "12", got "13"

TEST CASE FAILURE,In ../Testfiles/SemanticAnalyzerTests/MemoryFreeTests/FunctionTests/StatementTests/VariableDefinitions/Test4/main.ap:
 expected: "b", got "c"

TEST CASE FAILURE,In ../Testfiles/SemanticAnalyzerTests/MemoryFreeTests/FunctionTests/StatementTests/VariableDefinitions/Test4/main.ap:
 expected: "9", got "11"

TEST CASE FAILURE,In ../Testfiles/SemanticAnalyzerTests/MemoryFreeTests/FunctionTests/StatementTests/VariableDefinitions/Test4/main.ap:
 expected: "c", got "d"

TEST CASE FAILURE,In ../Testfiles/SemanticAnalyzerTests/MemoryFreeTests/FunctionTests/StatementTests/VariableDefinitions/Test4/main.ap:
 expected: "11", got "13"

TEST CASE FAILURE,In ../Testfiles/SemanticAnalyzerTests/MemoryFreeTests/FunctionTests/StatementTests/VariableDefinitions/Test4/main.ap:
 expected: "d", got "zz"

TEST CASE FAILURE,In ../Testfiles/SemanticAnalyzerTests/MemoryFreeTests/FunctionTests/StatementTests/VariableDefinitions/Test4/main.ap:
 expected: "13", got "15"

TEST CASE FAILURE,In ../Testfiles/SemanticAnalyzerTests/MemoryFreeTests/FunctionTests/StatementTests/VariableDefinitions/Test4/main.ap:
 expected: "13", got "11"

TEST CASE FAILURE,In ../Testfiles/SemanticAnalyzerTests/MemoryFreeTests/FunctionTests/StatementTests/VariableDefinitions/Test4/main.ap:
 expected: "zz", got "bb"

TEST CASE FAILURE,In ../Testfiles/SemanticAnalyzerTests/MemoryFreeTests/FunctionTests/StatementTests/VariableDefinitions/Test4/main.ap:
 expected: "11", got "16"

TEST CASE FAILURE,In ../Testfiles/SemanticAnalyzerTests/MemoryFreeTests/FunctionTests/StatementTests/VariableDefinitions/Test4/main.ap:
 expected: "b", got "e"

TEST CASE FAILURE,In ../Testfiles/SemanticAnalyzerTests/MemoryFreeTests/FunctionTests/StatementTests/VariableDefinitions/Test4/main.ap:
 expected: "15", got "16"

TEST CASE FAILURE,In ../Testfiles/SemanticAnalyzerTests/MemoryFreeTests/FunctionTests/StatementTests/VariableDefinitions/Test4/main.ap:
 expected: "16", got "9"

TEST CASE FAILURE,In ../Testfiles/SemanticAnalyzerTests/MemoryFreeTests/FunctionTests/StatementTests/VariableDefinitions/Test4/main.ap:
 expected: "e", got "x"

TEST CASE FAILURE,In ../Testfiles/SemanticAnalyzerTests/MemoryFreeTests/FunctionTests/StatementTests/VariableDefinitions/Test4/main.ap:
 expected: "9", got "13"

TEST CASE FAILURE,In ../Testfiles/SemanticAnalyzerTests/MemoryFreeTests/FunctionTests/StatementTests/VariableDefinitions/Test4/main.ap:
 expected: "x", got "k"

TEST CASE FAILURE,In ../Testfiles/SemanticAnalyzerTests/MemoryFreeTests/FunctionTests/StatementTests/VariableDefinitions/Test4/main.ap:
 expected: "16", got "19"

TEST CASE FAILURE,In ../Testfiles/SemanticAnalyzerTests/MemoryFreeTests/FunctionTests/StatementTests/VariableDefinitions/Test4/main.ap:
 expected: "13", got "9"

TEST CASE FAILURE,In ../Testfiles/SemanticAnalyzerTests/MemoryFreeTests/FunctionTests/StatementTests/VariableDefinitions/Test4/main.ap:
 expected: "k", got "f"

TEST CASE FAILURE,In ../Testfiles/SemanticAnalyzerTests/MemoryFreeTests/FunctionTests/StatementTests/VariableDefinitions/Test4/main.ap:
 expected: "19", got "21"

TEST CASE FAILURE,In ../Testfiles/SemanticAnalyzerTests/MemoryFreeTests/FunctionTests/StatementTests/VariableDefinitions/Test4/main.ap:
 expected: "35", got "8"

TEST CASE FAILURE,In ../Testfiles/SemanticAnalyzerTests/MemoryFreeTests/FunctionTests/StatementTests/VariableDefinitions/Test4/main.ap:
 expected: "f", got "g"

TEST CASE FAILURE,In ../Testfiles/SemanticAnalyzerTests/MemoryFreeTests/FunctionTests/StatementTests/VariableDefinitions/Test4/main.ap:
 expected: "8", got "12"

TEST CASE FAILURE,In ../Testfiles/SemanticAnalyzerTests/MemoryFreeTests/FunctionTests/StatementTests/VariableDefinitions/Test4/main.ap:
 expected: "g", got "h"

TEST CASE FAILURE,In ../Testfiles/SemanticAnalyzerTests/MemoryFreeTests/FunctionTests/StatementTests/VariableDefinitions/Test4/main.ap:
 expected: "12", got "17"

TEST CASE FAILURE,In ../Testfiles/SemanticAnalyzerTests/MemoryFreeTests/FunctionTests/StatementTests/VariableDefinitions/Test4/main.ap:
 expected: "h", got "l"

TEST CASE FAILURE,In ../Testfiles/SemanticAnalyzerTests/MemoryFreeTests/FunctionTests/StatementTests/VariableDefinitions/Test4/main.ap:
 expected: "21", got "22"

TEST CASE FAILURE,In ../Testfiles/SemanticAnalyzerTests/MemoryFreeTests/FunctionTests/StatementTests/VariableDefinitions/Test4/main.ap:
 expected: "17", got "9"

TEST CASE FAILURE,In ../Testfiles/SemanticAnalyzerTests/MemoryFreeTests/FunctionTests/StatementTests/VariableDefinitions/Test4/main.ap:
 expected: "l", got "m"

TEST CASE FAILURE,In ../Testfiles/SemanticAnalyzerTests/MemoryFreeTests/FunctionTests/StatementTests/VariableDefinitions/Test4/main.ap:
 expected: "9", got "13"

TEST CASE FAILURE,In ../Testfiles/SemanticAnalyzerTests/MemoryFreeTests/FunctionTests/StatementTests/VariableDefinitions/Test4/main.ap:
 expected: "m", got "n"

TEST CASE FAILURE,In ../Testfiles/SemanticAnalyzerTests/MemoryFreeTests/FunctionTests/StatementTests/VariableDefinitions/Test4/main.ap:
 expected: "22", got "23"

TEST CASE FAILURE,In ../Testfiles/SemanticAnalyzerTests/MemoryFreeTests/FunctionTests/StatementTests/VariableDefinitions/Test4/main.ap:
 expected: "13", got "10"

TEST CASE FAILURE,In ../Testfiles/SemanticAnalyzerTests/MemoryFreeTests/FunctionTests/StatementTests/VariableDefinitions/Test4/main.ap:
 expected: "n", got "o"

TEST CASE FAILURE,In ../Testfiles/SemanticAnalyzerTests/MemoryFreeTests/FunctionTests/StatementTests/VariableDefinitions/Test4/main.ap:
 expected: "10", got "14"

TEST CASE FAILURE,In ../Testfiles/SemanticAnalyzerTests/MemoryFreeTests/FunctionTests/StatementTests/VariableDefinitions/Test4/main.ap:
 expected: "o", got "q"

TEST CASE FAILURE,In ../Testfiles/SemanticAnalyzerTests/MemoryFreeTests/FunctionTests/StatementTests/VariableDefinitions/Test4/main.ap:
 expected: "23", got "24"

TEST CASE FAILURE,In ../Testfiles/SemanticAnalyzerTests/MemoryFreeTests/FunctionTests/StatementTests/VariableDefinitions/Test4/main.ap:
 expected: "14", got "24"

TEST CASE FAILURE,In ../Testfiles/SemanticAnalyzerTests/MemoryFreeTests/FunctionTests/StatementTests/VariableDefinitions/Test4/main.ap:
 expected: "q", got "r"

TEST CASE FAILURE,In ../Testfiles/SemanticAnalyzerTests/MemoryFreeTests/FunctionTests/StatementTests/VariableDefinitions/Test4/main.ap:
 expected: "24", got "26"

TEST CASE FAILURE,In ../Testfiles/SemanticAnalyzerTests/MemoryFreeTests/FunctionTests/StatementTests/VariableDefinitions/Test4/main.ap:
 expected: "24", got "9"

TEST CASE FAILURE,In ../Testfiles/SemanticAnalyzerTests/MemoryFreeTests/FunctionTests/StatementTests/VariableDefinitions/Test4/main.ap:
 expected: "r", got "p"

TEST CASE FAILURE,In ../Testfiles/SemanticAnalyzerTests/MemoryFreeTests/FunctionTests/StatementTests/VariableDefinitions/Test4/main.ap:
 expected: "9", got "13"

TEST CASE FAILURE,In ../Testfiles/SemanticAnalyzerTests/MemoryFreeTests/FunctionTests/StatementTests/VariableDefinitions/Test4/main.ap:
 expected: "p", got "#"

TEST CASE FAILURE,In ../Testfiles/SemanticAnalyzerTests/MemoryFreeTests/FunctionTests/StatementTests/VariableDefinitions/Test4/main.ap:
 expected: "13", got "15"

TEST CASE FAILURE,In ../Testfiles/SemanticAnalyzerTests/MemoryFreeTests/FunctionTests/StatementTests/VariableDefinitions/Test4/main.ap:
 expected: "t", got "should"

TEST CASE FAILURE,In ../Testfiles/SemanticAnalyzerTests/MemoryFreeTests/FunctionTests/StatementTests/VariableDefinitions/Test4/main.ap:
 expected: "28", got "26"

TEST CASE FAILURE,In ../Testfiles/SemanticAnalyzerTests/MemoryFreeTests/FunctionTests/StatementTests/VariableDefinitions/Test4/main.ap:
 expected: "12", got "17"

TEST CASE FAILURE,In ../Testfiles/SemanticAnalyzerTests/MemoryFreeTests/FunctionTests/StatementTests/VariableDefinitions/Test4/main.ap:
 expected: "u", got "compain"

TEST CASE FAILURE,In ../Testfiles/SemanticAnalyzerTests/MemoryFreeTests/FunctionTests/StatementTests/VariableDefinitions/Test4/main.ap:
 expected: "28", got "26"

TEST CASE FAILURE,In ../Testfiles/SemanticAnalyzerTests/MemoryFreeTests/FunctionTests/StatementTests/VariableDefinitions/Test4/main.ap:
 expected: "14", got "24"

TEST CASE FAILURE,In ../Testfiles/SemanticAnalyzerTests/MemoryFreeTests/FunctionTests/StatementTests/VariableDefinitions/Test4/main.ap:
 expected: "a", got "about"

TEST CASE FAILURE,In ../Testfiles/SemanticAnalyzerTests/MemoryFreeTests/FunctionTests/StatementTests/VariableDefinitions/Test4/main.ap:
 expected: "29", got "26"

TEST CASE FAILURE,In ../Testfiles/SemanticAnalyzerTests/MemoryFreeTests/FunctionTests/StatementTests/VariableDefinitions/Test4/main.ap:
 expected: "5", got "32"

TEST CASE FAILURE,In ../Testfiles/SemanticAnalyzerTests/MemoryFreeTests/FunctionTests/StatementTests/VariableDefinitions/Test4/main.ap:
 expected: "b", got "p"

TEST CASE FAILURE,In ../Testfiles/SemanticAnalyzerTests/MemoryFreeTests/FunctionTests/StatementTests/VariableDefinitions/Test4/main.ap:
 expected: "29", got "26"

TEST CASE FAILURE,In ../Testfiles/SemanticAnalyzerTests/MemoryFreeTests/FunctionTests/StatementTests/VariableDefinitions/Test4/main.ap:
 expected: "9", got "38"

TEST CASE FAILURE,In ../Testfiles/SemanticAnalyzerTests/MemoryFreeTests/FunctionTests/StatementTests/VariableDefinitions/Test4/main.ap:
 expected: "y", got "t"

TEST CASE FAILURE,In ../Testfiles/SemanticAnalyzerTests/MemoryFreeTests/FunctionTests/StatementTests/VariableDefinitions/Test4/main.ap:
 expected: "29", got "28"

TEST CASE FAILURE,In ../Testfiles/SemanticAnalyzerTests/MemoryFreeTests/FunctionTests/StatementTests/VariableDefinitions/Test4/main.ap:
 expected: "19", got "12"

TEST CASE FAILURE,In ../Testfiles/SemanticAnalyzerTests/MemoryFreeTests/FunctionTests/StatementTests/VariableDefinitions/Test4/main.ap:
 expected: "z", got "u"

TEST CASE FAILURE,In ../Testfiles/SemanticAnalyzerTests/MemoryFreeTests/FunctionTests/StatementTests/VariableDefinitions/Test4/main.ap:
 expected: "29", got "28"

TEST CASE FAILURE,In ../Testfiles/SemanticAnalyzerTests/MemoryFreeTests/FunctionTests/StatementTests/VariableDefinitions/Test4/main.ap:
 expected: "21", got "14"

TEST CASE FAILURE,In ../Testfiles/SemanticAnalyzerTests/MemoryFreeTests/FunctionTests/StatementTests/VariableDefinitions/Test4/main.ap:
 expected: "z", got "a"

TEST CASE FAILURE,In ../Testfiles/SemanticAnalyzerTests/MemoryFreeTests/FunctionTests/StatementTests/VariableDefinitions/Test4/main.ap:
 expected: "30", got "29"

TEST CASE FAILURE,In ../Testfiles/SemanticAnalyzerTests/MemoryFreeTests/FunctionTests/StatementTests/VariableDefinitions/Test4/main.ap:
 expected: "12", got "5"

TEST CASE FAILURE,In ../Testfiles/SemanticAnalyzerTests/MemoryFreeTests/FunctionTests/StatementTests/VariableDefinitions/Test4/main.ap:
 expected: "a", got "b"

TEST CASE FAILURE,In ../Testfiles/SemanticAnalyzerTests/MemoryFreeTests/FunctionTests/StatementTests/VariableDefinitions/Test4/main.ap:
 expected: "31", got "29"

TEST CASE FAILURE,In ../Testfiles/SemanticAnalyzerTests/MemoryFreeTests/FunctionTests/StatementTests/VariableDefinitions/Test4/main.ap:
 expected: "bb", got "y"

TEST CASE FAILURE,In ../Testfiles/SemanticAnalyzerTests/MemoryFreeTests/FunctionTests/StatementTests/VariableDefinitions/Test4/main.ap:
 expected: "31", got "29"

TEST CASE FAILURE,In ../Testfiles/SemanticAnalyzerTests/MemoryFreeTests/FunctionTests/StatementTests/VariableDefinitions/Test4/main.ap:
 expected: "13", got "19"

TEST CASE FAILURE,In ../Testfiles/SemanticAnalyzerTests/MemoryFreeTests/FunctionTests/StatementTests/VariableDefinitions/Test4/main.ap:
 expected: "k", got "z"

TEST CASE FAILURE,In ../Testfiles/SemanticAnalyzerTests/MemoryFreeTests/FunctionTests/StatementTests/VariableDefinitions/Test4/main.ap:
 expected: "33", got "29"

TEST CASE FAILURE,In ../Testfiles/SemanticAnalyzerTests/MemoryFreeTests/FunctionTests/StatementTests/VariableDefinitions/Test4/main.ap:
 expected: "9", got "21"

TEST CASE FAILURE,In ../Testfiles/SemanticAnalyzerTests/MemoryFreeTests/FunctionTests/StatementTests/VariableDefinitions/Test4/main.ap:
 expected: "g", got "z"

TEST CASE FAILURE,In ../Testfiles/SemanticAnalyzerTests/MemoryFreeTests/FunctionTests/StatementTests/VariableDefinitions/Test4/main.ap:
 expected: "33", got "30"

TEST CASE FAILURE,In ../Testfiles/SemanticAnalyzerTests/MemoryFreeTests/FunctionTests/StatementTests/VariableDefinitions/Test4/main.ap:
 expected: "14", got "12"

TEST CASE FAILURE,In ../Testfiles/SemanticAnalyzerTests/MemoryFreeTests/FunctionTests/StatementTests/VariableDefinitions/Test4/main.ap:
 expected: "t", got "a"

TEST CASE FAILURE,In ../Testfiles/SemanticAnalyzerTests/MemoryFreeTests/FunctionTests/StatementTests/VariableDefinitions/Test4/main.ap:
 expected: "33", got "31"

TEST CASE FAILURE,In ../Testfiles/SemanticAnalyzerTests/MemoryFreeTests/FunctionTests/StatementTests/VariableDefinitions/Test4/main.ap:
 expected: "14", got "9"

TEST CASE FAILURE,In ../Testfiles/SemanticAnalyzerTests/MemoryFreeTests/FunctionTests/StatementTests/VariableDefinitions/Test4/main.ap:
 expected: "u", got "bb"

TEST CASE FAILURE,In ../Testfiles/SemanticAnalyzerTests/MemoryFreeTests/FunctionTests/StatementTests/VariableDefinitions/Test4/main.ap:
 expected: "33", got "31"

TEST CASE FAILURE,In ../Testfiles/SemanticAnalyzerTests/MemoryFreeTests/FunctionTests/StatementTests/VariableDefinitions/Test4/main.ap:
 expected: "2", got "13"

