TEST CASE FAILURE,In ../Testfiles/SemanticAnalyzerTests/GlobalTests/StatementTests/DeclarationsAndExpressions/Test13/main.ap:
 expected: "no error", got "error"

TEST CASE FAILURE,In ../Testfiles/SemanticAnalyzerTests/GlobalTests/StatementTests/DeclarationsAndExpressions/Test13/main.ap:
 expected: "no error", got "error"

TEST CASE FAILURE,In ../Testfiles/SemanticAnalyzerTests/GlobalTests/StatementTests/DeclarationsAndExpressions/Test13/main.ap:
 expected: "no error", got "error"

TEST CASE FAILURE,In ../Testfiles/SemanticAnalyzerTests/GlobalTests/StatementTests/DeclarationsAndExpressions/Test13/main.ap:
 expected: "no error", got "error"

